<?xml version="1.0" encoding="UTF-8"?>
<!-- Generated by org.testng.reporters.JUnitXMLReporter -->
<testsuite ignored="10" hostname="LAPTOP-D919MI6O" failures="0" tests="27" name="Test" time="118.861" errors="0" timestamp="2026-03-30T15:28:55 IST">
  <testcase classname="com.gardenticketing.tests.admin.LoginPageTC" name="verifyUserCanLoginWithValidOTP" time="2.816"/>
  <testcase classname="com.gardenticketing.tests.admin.DashboardTest" name="verifyTotalGardensCard" time="0.245"/>
  <testcase classname="com.gardenticketing.tests.admin.DashboardTest" name="verifyTotalTicketsCard" time="0.217"/>
  <testcase classname="com.gardenticketing.tests.admin.DashboardTest" name="verifyTotalCollectionCard" time="0.183"/>
  <testcase classname="com.gardenticketing.tests.admin.DashboardTest" name="verifyTotalUsersCard" time="0.182"/>
  <testcase classname="com.gardenticketing.tests.admin.DashboardTest" name="verifyPieGraph" time="0.108"/>
  <testcase classname="com.gardenticketing.tests.admin.addgardenTC" name="verify_theNew_garden_added_Successfully" time="32.138"/>
  <testcase classname="com.gardenticketing.tests.admin.addgardenTC" name="verify_Update_Garden_Details" time="8.506"/>
  <testcase classname="com.gardenticketing.tests.admin.addgardenTC" name="verify_lastGarden_is_deleted_successfully" time="9.303"/>
  <testcase classname="com.gardenticketing.tests.admin.BookingReportTC" name="verifyByclickingOnBookingReport" time="5.071"/>
  <testcase classname="com.gardenticketing.tests.admin.BookingReportTC" name="Verifythe_all_Genralpass_tickets_showing" time="0.139"/>
  <testcase classname="com.gardenticketing.tests.admin.BookingReportTC" name="Verifythe_all_Creatorpass_tickets_showing_Dashboard" time="0.139"/>
  <testcase classname="com.gardenticketing.tests.admin.BookingReportTC" name="Verify_the_all_Event_pass_tickets_showing_Dashboard" time="0.111"/>
  <testcase classname="com.gardenticketing.tests.admin.BookingReportTC" name="Check_by_Selecting_FromDate" time="0.103"/>
  <testcase classname="com.gardenticketing.tests.admin.BookingReportTC" name="Check_by_Selecting_ToDate" time="0.139"/>
  <testcase classname="com.gardenticketing.tests.admin.BookingReportTC" name="verify_datewise_datashowingOn_table" time="0.047"/>
  <testcase classname="com.gardenticketing.tests.admin.BookingReportTC" name="verify_filterdata_reseted_afterClickedOn_Reset" time="0.049"/>
  <testcase classname="com.gardenticketing.tests.admin.BookingReportTC" name="verify_the_Usercan_View_Ticket_succesfully_And_Cancel_ticket_icon" time="0.127"/>
  <testcase classname="com.gardenticketing.tests.admin.BookingReportTC" name="verify_the_garden_ticketExported_succesfully_ByclickonExportfunctionaity" time="0.052"/>
  <testcase classname="com.gardenticketing.tests.admin.ScannerTC" name="verifyScannerButtonClickable" time="2.159"/>
  <testcase classname="com.gardenticketing.tests.admin.ScannerTC" name="verifyCameraOFFButton" time="3.391"/>
  <testcase classname="com.gardenticketing.tests.admin.ScannerTC" name="verifyCameraONButton" time="2.052"/>
  <testcase classname="com.gardenticketing.tests.admin.ScannerTC" name="verifyOpenProfile" time="3.46"/>
  <testcase classname="com.gardenticketing.tests.admin.ScannerTC" name="verifyProfileBackNavigation" time="2.073"/>
  <testcase classname="com.gardenticketing.tests.admin.UsersTC" name="Verified_New_user_addedSuccesfully" time="14.774"/>
  <testcase classname="com.gardenticketing.tests.admin.UsersTC" name="Check_By_Selecting_pagination_fromDropdown" time="0.158"/>
  <testcase classname="com.gardenticketing.tests.admin.UsersTC" name="verify_User_deleted_Successfully" time="5.106"/>
  <testcase classname="com.gardenticketing.base.BaseTestclass" name="@BeforeSuite setUpSuite" time="0.0">
    <ignored/>
  </testcase> <!-- @BeforeSuite setUpSuite -->
  <testcase classname="com.gardenticketing.base.BaseTestclass" name="@BeforeSuite setUpSuite" time="0.0">
    <ignored/>
  </testcase> <!-- @BeforeSuite setUpSuite -->
  <testcase classname="com.gardenticketing.base.BaseTestclass" name="@BeforeSuite setUpSuite" time="0.0">
    <ignored/>
  </testcase> <!-- @BeforeSuite setUpSuite -->
  <testcase classname="com.gardenticketing.base.BaseTestclass" name="@BeforeSuite setUpSuite" time="0.0">
    <ignored/>
  </testcase> <!-- @BeforeSuite setUpSuite -->
  <testcase classname="com.gardenticketing.base.BaseTestclass" name="@AfterSuite tearDownSuite" time="0.0">
    <ignored/>
  </testcase> <!-- @AfterSuite tearDownSuite -->
  <testcase classname="com.gardenticketing.base.BaseTestclass" name="@BeforeSuite setUpSuite" time="0.0">
    <ignored/>
  </testcase> <!-- @BeforeSuite setUpSuite -->
  <testcase classname="com.gardenticketing.base.BaseTestclass" name="@AfterSuite tearDownSuite" time="0.0">
    <ignored/>
  </testcase> <!-- @AfterSuite tearDownSuite -->
  <testcase classname="com.gardenticketing.base.BaseTestclass" name="@AfterSuite tearDownSuite" time="0.0">
    <ignored/>
  </testcase> <!-- @AfterSuite tearDownSuite -->
  <testcase classname="com.gardenticketing.base.BaseTestclass" name="@AfterSuite tearDownSuite" time="0.0">
    <ignored/>
  </testcase> <!-- @AfterSuite tearDownSuite -->
  <testcase classname="com.gardenticketing.base.BaseTestclass" name="@AfterSuite tearDownSuite" time="0.0">
    <ignored/>
  </testcase> <!-- @AfterSuite tearDownSuite -->
</testsuite> <!-- Test -->
