<?xml version="1.0" encoding="UTF-8"?>
<testng-results ignored="0" total="1" passed="0" failed="1" skipped="0">
  <reporter-output>
  </reporter-output>
  <suite started-at="2026-03-30T15:52:39 IST" name="Default suite" finished-at="2026-03-30T15:53:07 IST" duration-ms="27961">
    <groups>
    </groups>
    <test started-at="2026-03-30T15:52:39 IST" name="Default test" finished-at="2026-03-30T15:53:07 IST" duration-ms="27961">
      <class name="com.gardenticketing.tests.admin.ChallanTC">
        <test-method is-config="true" signature="setUpSuite()[pri:0, instance:com.gardenticketing.tests.admin.ChallanTC@264f218]" started-at="2026-03-30T15:52:37 IST" name="setUpSuite" finished-at="2026-03-30T15:52:39 IST" duration-ms="1648" status="PASS">
          <reporter-output>
          </reporter-output>
        </test-method> <!-- setUpSuite -->
        <test-method is-config="true" signature="loginToAdminOnce()[pri:0, instance:com.gardenticketing.tests.admin.ChallanTC@264f218]" started-at="2026-03-30T15:52:39 IST" name="loginToAdminOnce" finished-at="2026-03-30T15:52:41 IST" duration-ms="1762" status="PASS">
          <reporter-output>
          </reporter-output>
        </test-method> <!-- loginToAdminOnce -->
        <test-method is-config="true" signature="beforesetup()[pri:0, instance:com.gardenticketing.tests.admin.ChallanTC@264f218]" started-at="2026-03-30T15:52:41 IST" name="beforesetup" finished-at="2026-03-30T15:52:41 IST" duration-ms="2" status="PASS">
          <reporter-output>
          </reporter-output>
        </test-method> <!-- beforesetup -->
        <test-method signature="verify_User_GetChallanSheet()[pri:0, instance:com.gardenticketing.tests.admin.ChallanTC@264f218]" started-at="2026-03-30T15:52:41 IST" name="verify_User_GetChallanSheet" finished-at="2026-03-30T15:53:07 IST" duration-ms="26151" status="FAIL">
          <exception class="java.lang.NullPointerException">
            <message>
              <![CDATA[Cannot invoke "org.openqa.selenium.WebDriver.getClass()" because "exceptionDriver" is null]]>
            </message>
            <full-stacktrace>
              <![CDATA[java.lang.NullPointerException: Cannot invoke "org.openqa.selenium.WebDriver.getClass()" because "exceptionDriver" is null
at org.openqa.selenium.support.ui.WebDriverWait.timeoutException(WebDriverWait.java:85)
at org.openqa.selenium.support.ui.FluentWait.until(FluentWait.java:228)
at com.gardenticketing.pages.admin.ChallanPage.clickonselectmonthDD(ChallanPage.java:46)
at com.gardenticketing.tests.admin.ChallanTC.verify_User_GetChallanSheet(ChallanTC.java:25)
at java.base/jdk.internal.reflect.DirectMethodHandleAccessor.invoke(DirectMethodHandleAccessor.java:103)
at java.base/java.lang.reflect.Method.invoke(Method.java:580)
at org.testng.internal.invokers.MethodInvocationHelper.invokeMethod(MethodInvocationHelper.java:141)
at org.testng.internal.invokers.TestInvoker.invokeMethod(TestInvoker.java:687)
at org.testng.internal.invokers.TestInvoker.invokeTestMethod(TestInvoker.java:230)
at org.testng.internal.invokers.MethodRunner.runInSequence(MethodRunner.java:63)
at org.testng.internal.invokers.TestInvoker$MethodInvocationAgent.invoke(TestInvoker.java:995)
at org.testng.internal.invokers.TestInvoker.invokeTestMethods(TestInvoker.java:203)
at org.testng.internal.invokers.TestMethodWorker.invokeTestMethods(TestMethodWorker.java:154)
at org.testng.internal.invokers.TestMethodWorker.run(TestMethodWorker.java:134)
at java.base/java.util.ArrayList.forEach(ArrayList.java:1596)
at org.testng.TestRunner.privateRun(TestRunner.java:741)
at org.testng.TestRunner.run(TestRunner.java:616)
at org.testng.SuiteRunner.runTest(SuiteRunner.java:421)
at org.testng.SuiteRunner.runSequentially(SuiteRunner.java:413)
at org.testng.SuiteRunner.privateRun(SuiteRunner.java:373)
at org.testng.SuiteRunner.run(SuiteRunner.java:312)
at org.testng.SuiteRunnerWorker.runSuite(SuiteRunnerWorker.java:52)
at org.testng.SuiteRunnerWorker.run(SuiteRunnerWorker.java:95)
at org.testng.TestNG.runSuitesSequentially(TestNG.java:1274)
at org.testng.TestNG.runSuitesLocally(TestNG.java:1208)
at org.testng.TestNG.runSuites(TestNG.java:1112)
at org.testng.TestNG.run(TestNG.java:1079)
at org.testng.remote.AbstractRemoteTestNG.run(AbstractRemoteTestNG.java:115)
at org.testng.remote.RemoteTestNG.initAndRun(RemoteTestNG.java:293)
at org.testng.remote.RemoteTestNG.main(RemoteTestNG.java:91)
]]>
            </full-stacktrace>
          </exception> <!-- java.lang.NullPointerException -->
          <reporter-output>
          </reporter-output>
        </test-method> <!-- verify_User_GetChallanSheet -->
        <test-method is-config="true" signature="tearDownSuite()[pri:0, instance:com.gardenticketing.tests.admin.ChallanTC@264f218]" started-at="2026-03-30T15:53:07 IST" name="tearDownSuite" finished-at="2026-03-30T15:53:07 IST" duration-ms="187" status="PASS">
          <reporter-output>
          </reporter-output>
        </test-method> <!-- tearDownSuite -->
      </class> <!-- com.gardenticketing.tests.admin.ChallanTC -->
    </test> <!-- Default test -->
  </suite> <!-- Default suite -->
</testng-results>
