<?xml version="1.0" encoding="UTF-8"?>
<testng-results ignored="0" total="1" passed="1" failed="0" skipped="0">
  <reporter-output>
  </reporter-output>
  <suite started-at="2026-04-16T12:21:57 IST" name="Default suite" finished-at="2026-04-16T12:22:15 IST" duration-ms="18040">
    <groups>
    </groups>
    <test started-at="2026-04-16T12:21:57 IST" name="Default test" finished-at="2026-04-16T12:22:15 IST" duration-ms="18040">
      <class name="com.gardenticketing.tests.admin.ChallanTC">
        <test-method is-config="true" signature="setUpSuite()[pri:0, instance:com.gardenticketing.tests.admin.ChallanTC@264f218]" started-at="2026-04-16T12:21:52 IST" name="setUpSuite" finished-at="2026-04-16T12:21:57 IST" duration-ms="4825" status="PASS">
          <reporter-output>
          </reporter-output>
        </test-method> <!-- setUpSuite -->
        <test-method is-config="true" signature="loginToAdminOnce()[pri:0, instance:com.gardenticketing.tests.admin.ChallanTC@264f218]" started-at="2026-04-16T12:21:57 IST" name="loginToAdminOnce" finished-at="2026-04-16T12:22:02 IST" duration-ms="5527" status="PASS">
          <reporter-output>
          </reporter-output>
        </test-method> <!-- loginToAdminOnce -->
        <test-method is-config="true" signature="beforesetup()[pri:0, instance:com.gardenticketing.tests.admin.ChallanTC@264f218]" started-at="2026-04-16T12:22:02 IST" name="beforesetup" finished-at="2026-04-16T12:22:02 IST" duration-ms="13" status="PASS">
          <reporter-output>
          </reporter-output>
        </test-method> <!-- beforesetup -->
        <test-method signature="verify_User_GetChallanSheet()[pri:0, instance:com.gardenticketing.tests.admin.ChallanTC@264f218]" started-at="2026-04-16T12:22:02 IST" name="verify_User_GetChallanSheet" finished-at="2026-04-16T12:22:15 IST" duration-ms="12460" status="PASS">
          <reporter-output>
          </reporter-output>
        </test-method> <!-- verify_User_GetChallanSheet -->
        <test-method is-config="true" signature="tearDownSuite()[pri:0, instance:com.gardenticketing.tests.admin.ChallanTC@264f218]" started-at="2026-04-16T12:22:15 IST" name="tearDownSuite" finished-at="2026-04-16T12:22:15 IST" duration-ms="176" status="PASS">
          <reporter-output>
          </reporter-output>
        </test-method> <!-- tearDownSuite -->
      </class> <!-- com.gardenticketing.tests.admin.ChallanTC -->
    </test> <!-- Default test -->
  </suite> <!-- Default suite -->
</testng-results>
