<?xml version="1.0" encoding="UTF-8"?>
<!-- Generated by org.testng.reporters.JUnitReportReporter -->
<testsuite hostname="LAPTOP-D919MI6O" failures="0" tests="3" name="com.gardenticketing.tests.admin.UsersTC" time="20.209" errors="0" timestamp="2026-04-14T12:11:43 IST" skipped="0">
  <testcase classname="com.gardenticketing.tests.admin.UsersTC" name="Verified_New_user_addedSuccesfully" time="14.725"/>
  <testcase classname="com.gardenticketing.tests.admin.UsersTC" name="Check_By_Selecting_pagination_fromDropdown" time="0.361"/>
  <testcase classname="com.gardenticketing.tests.admin.UsersTC" name="verify_User_deleted_Successfully" time="5.123"/>
</testsuite> <!-- com.gardenticketing.tests.admin.UsersTC -->
