<?xml version="1.0" encoding="UTF-8"?>
<!-- Generated by org.testng.reporters.JUnitReportReporter -->
<testsuite hostname="LAPTOP-D919MI6O" failures="0" tests="5" name="com.gardenticketing.tests.admin.DashboardTest" time="0.935" errors="0" timestamp="2026-03-30T15:28:55 IST" skipped="0">
  <testcase classname="com.gardenticketing.tests.admin.DashboardTest" name="verifyTotalGardensCard" time="0.245"/>
  <testcase classname="com.gardenticketing.tests.admin.DashboardTest" name="verifyTotalTicketsCard" time="0.217"/>
  <testcase classname="com.gardenticketing.tests.admin.DashboardTest" name="verifyTotalCollectionCard" time="0.183"/>
  <testcase classname="com.gardenticketing.tests.admin.DashboardTest" name="verifyTotalUsersCard" time="0.182"/>
  <testcase classname="com.gardenticketing.tests.admin.DashboardTest" name="verifyPieGraph" time="0.108"/>
</testsuite> <!-- com.gardenticketing.tests.admin.DashboardTest -->
