<?xml version="1.0" encoding="UTF-8"?>
<!-- Generated by org.testng.reporters.JUnitReportReporter -->
<testsuite hostname="LAPTOP-D919MI6O" failures="0" tests="10" name="com.gardenticketing.tests.admin.BookingReportTC" time="26.053" errors="0" timestamp="2026-03-30T15:28:55 IST" skipped="0">
  <testcase classname="com.gardenticketing.tests.admin.BookingReportTC" name="verifyByclickingOnBookingReport" time="7.085"/>
  <testcase classname="com.gardenticketing.tests.admin.BookingReportTC" name="Verifythe_all_Genralpass_tickets_showing" time="2.142"/>
  <testcase classname="com.gardenticketing.tests.admin.BookingReportTC" name="Verifythe_all_Creatorpass_tickets_showing_Dashboard" time="2.139"/>
  <testcase classname="com.gardenticketing.tests.admin.BookingReportTC" name="Verify_the_all_Event_pass_tickets_showing_Dashboard" time="2.118"/>
  <testcase classname="com.gardenticketing.tests.admin.BookingReportTC" name="Check_by_Selecting_FromDate" time="2.110"/>
  <testcase classname="com.gardenticketing.tests.admin.BookingReportTC" name="Check_by_Selecting_ToDate" time="2.151"/>
  <testcase classname="com.gardenticketing.tests.admin.BookingReportTC" name="verify_datewise_datashowingOn_table" time="2.050"/>
  <testcase classname="com.gardenticketing.tests.admin.BookingReportTC" name="verify_filterdata_reseted_afterClickedOn_Reset" time="2.064"/>
  <testcase classname="com.gardenticketing.tests.admin.BookingReportTC" name="verify_the_Usercan_View_Ticket_succesfully_And_Cancel_ticket_icon" time="2.134"/>
  <testcase classname="com.gardenticketing.tests.admin.BookingReportTC" name="verify_the_garden_ticketExported_succesfully_ByclickonExportfunctionaity" time="2.060"/>
</testsuite> <!-- com.gardenticketing.tests.admin.BookingReportTC -->
