<?xml version="1.0" encoding="UTF-8"?>
<!-- Generated by org.testng.reporters.JUnitReportReporter -->
<testsuite hostname="LAPTOP-D919MI6O" failures="0" tests="3" name="com.gardenticketing.tests.admin.UsersTC" time="20.038" errors="0" timestamp="2026-03-30T15:28:55 IST" skipped="0">
  <testcase classname="com.gardenticketing.tests.admin.UsersTC" name="Verified_New_user_addedSuccesfully" time="14.774"/>
  <testcase classname="com.gardenticketing.tests.admin.UsersTC" name="Check_By_Selecting_pagination_fromDropdown" time="0.158"/>
  <testcase classname="com.gardenticketing.tests.admin.UsersTC" name="verify_User_deleted_Successfully" time="5.106"/>
</testsuite> <!-- com.gardenticketing.tests.admin.UsersTC -->
