<?xml version="1.0" encoding="UTF-8"?>
<!-- Generated by org.testng.reporters.JUnitReportReporter -->
<testsuite hostname="LAPTOP-D919MI6O" failures="0" tests="5" name="com.gardenticketing.tests.admin.ScannerTC" time="13.135" errors="0" timestamp="2026-03-30T15:28:55 IST" skipped="0">
  <testcase classname="com.gardenticketing.tests.admin.ScannerTC" name="verifyScannerButtonClickable" time="2.159"/>
  <testcase classname="com.gardenticketing.tests.admin.ScannerTC" name="verifyCameraOFFButton" time="3.391"/>
  <testcase classname="com.gardenticketing.tests.admin.ScannerTC" name="verifyCameraONButton" time="2.052"/>
  <testcase classname="com.gardenticketing.tests.admin.ScannerTC" name="verifyOpenProfile" time="3.460"/>
  <testcase classname="com.gardenticketing.tests.admin.ScannerTC" name="verifyProfileBackNavigation" time="2.073"/>
</testsuite> <!-- com.gardenticketing.tests.admin.ScannerTC -->
