<?xml version="1.0" encoding="UTF-8"?>
<!-- Generated by org.testng.reporters.JUnitReportReporter -->
<testsuite hostname="LAPTOP-D919MI6O" failures="0" tests="3" name="com.gardenticketing.tests.admin.addgardenTC" time="49.947" errors="0" timestamp="2026-03-30T15:28:55 IST" skipped="0">
  <testcase classname="com.gardenticketing.tests.admin.addgardenTC" name="verify_theNew_garden_added_Successfully" time="32.138"/>
  <testcase classname="com.gardenticketing.tests.admin.addgardenTC" name="verify_Update_Garden_Details" time="8.506"/>
  <testcase classname="com.gardenticketing.tests.admin.addgardenTC" name="verify_lastGarden_is_deleted_successfully" time="9.303"/>
</testsuite> <!-- com.gardenticketing.tests.admin.addgardenTC -->
